<?xml version="1.0" encoding="UTF-8"?>
<testsuite name="com.b328.messageboard.MessageboardApplicationTests" tests="1" skipped="0" failures="0" errors="0" timestamp="2019-06-14T10:43:22" hostname="DESKTOP-IG3P36C" time="0.759">
  <properties/>
  <testcase name="contextLoads" classname="com.b328.messageboard.MessageboardApplicationTests" time="0.759"/>
  <system-out><![CDATA[18:43:19.111 [Test worker] DEBUG org.springframework.test.context.junit4.SpringJUnit4ClassRunner - SpringJUnit4ClassRunner constructor called with [class com.b328.messageboard.MessageboardApplicationTests]
18:43:19.122 [Test worker] DEBUG org.springframework.test.context.BootstrapUtils - Instantiating CacheAwareContextLoaderDelegate from class [org.springframework.test.context.cache.DefaultCacheAwareContextLoaderDelegate]
18:43:19.132 [Test worker] DEBUG org.springframework.test.context.BootstrapUtils - Instantiating BootstrapContext using constructor [public org.springframework.test.context.support.DefaultBootstrapContext(java.lang.Class,org.springframework.test.context.CacheAwareContextLoaderDelegate)]
18:43:19.155 [Test worker] DEBUG org.springframework.test.context.BootstrapUtils - Instantiating TestContextBootstrapper for test class [com.b328.messageboard.MessageboardApplicationTests] from class [org.springframework.boot.test.context.SpringBootTestContextBootstrapper]
18:43:19.173 [Test worker] INFO org.springframework.boot.test.context.SpringBootTestContextBootstrapper - Neither @ContextConfiguration nor @ContextHierarchy found for test class [com.b328.messageboard.MessageboardApplicationTests], using SpringBootContextLoader
18:43:19.178 [Test worker] DEBUG org.springframework.test.context.support.AbstractContextLoader - Did not detect default resource location for test class [com.b328.messageboard.MessageboardApplicationTests]: class path resource [com/b328/messageboard/MessageboardApplicationTests-context.xml] does not exist
18:43:19.179 [Test worker] DEBUG org.springframework.test.context.support.AbstractContextLoader - Did not detect default resource location for test class [com.b328.messageboard.MessageboardApplicationTests]: class path resource [com/b328/messageboard/MessageboardApplicationTestsContext.groovy] does not exist
18:43:19.179 [Test worker] INFO org.springframework.test.context.support.AbstractContextLoader - Could not detect default resource locations for test class [com.b328.messageboard.MessageboardApplicationTests]: no resource found for suffixes {-context.xml, Context.groovy}.
18:43:19.180 [Test worker] INFO org.springframework.test.context.support.AnnotationConfigContextLoaderUtils - Could not detect default configuration classes for test class [com.b328.messageboard.MessageboardApplicationTests]: MessageboardApplicationTests does not declare any static, non-private, non-final, nested classes annotated with @Configuration.
18:43:19.232 [Test worker] DEBUG org.springframework.test.context.support.ActiveProfilesUtils - Could not find an 'annotation declaring class' for annotation type [org.springframework.test.context.ActiveProfiles] and class [com.b328.messageboard.MessageboardApplicationTests]
18:43:19.299 [Test worker] DEBUG org.springframework.context.annotation.ClassPathScanningCandidateComponentProvider - Identified candidate component class: file [G:\MyProject\messageboard\build\classes\java\main\com\b328\messageboard\MessageboardApplication.class]
18:43:19.302 [Test worker] INFO org.springframework.boot.test.context.SpringBootTestContextBootstrapper - Found @SpringBootConfiguration com.b328.messageboard.MessageboardApplication for test class com.b328.messageboard.MessageboardApplicationTests
18:43:19.383 [Test worker] DEBUG org.springframework.boot.test.context.SpringBootTestContextBootstrapper - @TestExecutionListeners is not present for class [com.b328.messageboard.MessageboardApplicationTests]: using defaults.
18:43:19.384 [Test worker] INFO org.springframework.boot.test.context.SpringBootTestContextBootstrapper - Loaded default TestExecutionListener class names from location [META-INF/spring.factories]: [org.springframework.boot.test.autoconfigure.restdocs.RestDocsTestExecutionListener, org.springframework.boot.test.autoconfigure.web.client.MockRestServiceServerResetTestExecutionListener, org.springframework.boot.test.autoconfigure.web.servlet.MockMvcPrintOnlyOnFailureTestExecutionListener, org.springframework.boot.test.autoconfigure.web.servlet.WebDriverTestExecutionListener, org.springframework.boot.test.mock.mockito.MockitoTestExecutionListener, org.springframework.boot.test.mock.mockito.ResetMocksTestExecutionListener, org.springframework.test.context.web.ServletTestExecutionListener, org.springframework.test.context.support.DirtiesContextBeforeModesTestExecutionListener, org.springframework.test.context.support.DependencyInjectionTestExecutionListener, org.springframework.test.context.support.DirtiesContextTestExecutionListener, org.springframework.test.context.transaction.TransactionalTestExecutionListener, org.springframework.test.context.jdbc.SqlScriptsTestExecutionListener]
18:43:19.400 [Test worker] INFO org.springframework.boot.test.context.SpringBootTestContextBootstrapper - Using TestExecutionListeners: [org.springframework.test.context.web.ServletTestExecutionListener@ff14748, org.springframework.test.context.support.DirtiesContextBeforeModesTestExecutionListener@5950954f, org.springframework.boot.test.mock.mockito.MockitoTestExecutionListener@e33a027, org.springframework.boot.test.autoconfigure.SpringBootDependencyInjectionTestExecutionListener@5b870955, org.springframework.test.context.support.DirtiesContextTestExecutionListener@5e49de6a, org.springframework.test.context.transaction.TransactionalTestExecutionListener@3eed201, org.springframework.test.context.jdbc.SqlScriptsTestExecutionListener@10cf68c3, org.springframework.boot.test.autoconfigure.restdocs.RestDocsTestExecutionListener@73e1162e, org.springframework.boot.test.autoconfigure.web.client.MockRestServiceServerResetTestExecutionListener@63cb2cb6, org.springframework.boot.test.autoconfigure.web.servlet.MockMvcPrintOnlyOnFailureTestExecutionListener@16409414, org.springframework.boot.test.autoconfigure.web.servlet.WebDriverTestExecutionListener@7d226f6f, org.springframework.boot.test.mock.mockito.ResetMocksTestExecutionListener@6094683]
18:43:19.403 [Test worker] DEBUG org.springframework.test.annotation.ProfileValueUtils - Retrieved @ProfileValueSourceConfiguration [null] for test class [com.b328.messageboard.MessageboardApplicationTests]
18:43:19.404 [Test worker] DEBUG org.springframework.test.annotation.ProfileValueUtils - Retrieved ProfileValueSource type [class org.springframework.test.annotation.SystemProfileValueSource] for class [com.b328.messageboard.MessageboardApplicationTests]
18:43:19.405 [Test worker] DEBUG org.springframework.test.annotation.ProfileValueUtils - Retrieved @ProfileValueSourceConfiguration [null] for test class [com.b328.messageboard.MessageboardApplicationTests]
18:43:19.405 [Test worker] DEBUG org.springframework.test.annotation.ProfileValueUtils - Retrieved ProfileValueSource type [class org.springframework.test.annotation.SystemProfileValueSource] for class [com.b328.messageboard.MessageboardApplicationTests]
18:43:19.409 [Test worker] DEBUG org.springframework.test.context.support.AbstractDirtiesContextTestExecutionListener - Before test class: context [DefaultTestContext@7e7ac523 testClass = MessageboardApplicationTests, testInstance = [null], testMethod = [null], testException = [null], mergedContextConfiguration = [WebMergedContextConfiguration@58ad4f6a testClass = MessageboardApplicationTests, locations = '{}', classes = '{class com.b328.messageboard.MessageboardApplication}', contextInitializerClasses = '[]', activeProfiles = '{}', propertySourceLocations = '{}', propertySourceProperties = '{org.springframework.boot.test.context.SpringBootTestContextBootstrapper=true}', contextCustomizers = set[org.springframework.boot.test.autoconfigure.properties.PropertyMappingContextCustomizer@0, org.springframework.boot.test.autoconfigure.web.servlet.WebDriverContextCustomizerFactory$Customizer@b3e0429, org.springframework.boot.test.context.filter.ExcludeFilterContextCustomizer@2dc41e43, org.springframework.boot.test.json.DuplicateJsonObjectContextCustomizerFactory$DuplicateJsonObjectContextCustomizer@4ee9bfe1, org.springframework.boot.test.mock.mockito.MockitoContextCustomizer@0, org.springframework.boot.test.web.client.TestRestTemplateContextCustomizer@1a191aab], resourceBasePath = 'src/main/webapp', contextLoader = 'org.springframework.boot.test.context.SpringBootContextLoader', parent = [null]], attributes = map['org.springframework.test.context.web.ServletTestExecutionListener.activateListener' -> true]], class annotated with @DirtiesContext [false] with mode [null].
18:43:19.410 [Test worker] DEBUG org.springframework.test.annotation.ProfileValueUtils - Retrieved @ProfileValueSourceConfiguration [null] for test class [com.b328.messageboard.MessageboardApplicationTests]
18:43:19.410 [Test worker] DEBUG org.springframework.test.annotation.ProfileValueUtils - Retrieved ProfileValueSource type [class org.springframework.test.annotation.SystemProfileValueSource] for class [com.b328.messageboard.MessageboardApplicationTests]
18:43:19.426 [Test worker] DEBUG org.springframework.test.context.support.TestPropertySourceUtils - Adding inlined properties to environment: {spring.jmx.enabled=false, org.springframework.boot.test.context.SpringBootTestContextBootstrapper=true, server.port=-1}

  .   ____          _            __ _ _
 /\\ / ___'_ __ _ _(_)_ __  __ _ \ \ \ \
( ( )\___ | '_ | '_| | '_ \/ _` | \ \ \ \
 \\/  ___)| |_)| | | | | || (_| |  ) ) ) )
  '  |____| .__|_| |_|_| |_\__, | / / / /
 =========|_|==============|___/=/_/_/_/
 :: Spring Boot ::        (v2.1.5.RELEASE)

2019-06-14 18:43:19.645  INFO 6068 --- [    Test worker] c.b.m.MessageboardApplicationTests       : Starting MessageboardApplicationTests on DESKTOP-IG3P36C with PID 6068 (started by whosl in G:\MyProject\messageboard)
2019-06-14 18:43:19.646  INFO 6068 --- [    Test worker] c.b.m.MessageboardApplicationTests       : No active profile set, falling back to default profiles: default
2019-06-14 18:43:21.855  INFO 6068 --- [    Test worker] o.s.s.concurrent.ThreadPoolTaskExecutor  : Initializing ExecutorService 'applicationTaskExecutor'
2019-06-14 18:43:22.327  INFO 6068 --- [    Test worker] c.b.m.MessageboardApplicationTests       : Started MessageboardApplicationTests in 2.892 seconds (JVM running for 3.975)

]]></system-out>
  <system-err><![CDATA[]]></system-err>
</testsuite>
